2026-03-16 00:30:08 [INFO] 🔍 开始利用二分法定位时间区间: 2026-03-15 23:59:59
2026-03-16 00:30:23 [INFO] 📍 定位完成：目标页码约第 2 页，安全起始页定为 1
2026-03-16 00:30:23 [INFO] 🚀 扫描启动，起始页码: 1
2026-03-16 00:30:25 [INFO] 📦 正在扫描第 1 页 | 最新条目: 2026-03-16 00:30:20
2026-03-16 00:30:27 [INFO] 📦 正在扫描第 2 页 | 最新条目: 2026-03-15 22:23:04
2026-03-16 00:30:30 [INFO] 📦 正在扫描第 3 页 | 最新条目: 2026-03-15 20:13:26
2026-03-16 00:30:33 [INFO] 📦 正在扫描第 4 页 | 最新条目: 2026-03-15 16:16:33
2026-03-16 00:30:35 [INFO] 📦 正在扫描第 5 页 | 最新条目: 2026-03-15 13:39:47
2026-03-16 00:30:45 [INFO] 📦 正在扫描第 6 页 | 最新条目: 2026-03-15 10:06:56
2026-03-16 00:30:52 [INFO] 🏁 抓取完成：已到达设定起始时间。
2026-03-16 00:30:52 [INFO] 💾 数据已成功持久化至: ./news_data/Sina_724_20260315_000000_to_20260315_235959.jsonl
🚀 [定时任务启动] 正在同步 2026-03-15 的数据...
✅ [定时任务完成] 日期 2026-03-15 同步成功，共计 635 条。
📡 飞书通知已发送: ✅ [定时任务完成] 日期 2026-03-15 同步成功，共计 635 条。
2026-03-18 13:00:12 [INFO] 🔍 开始利用二分法定位时间区间: 2026-03-18 23:59:59
2026-03-18 13:00:18 [INFO] 📍 定位完成：目标页码约第 1 页，安全起始页定为 1
2026-03-18 13:00:18 [INFO] 🚀 扫描启动，起始页码: 1
2026-03-18 13:00:20 [INFO] 📦 正在扫描第 1 页 | 最新条目: 2026-03-18 13:00:14
2026-03-18 13:00:23 [INFO] 📦 正在扫描第 2 页 | 最新条目: 2026-03-18 11:30:03
2026-03-18 13:00:26 [INFO] 📦 正在扫描第 3 页 | 最新条目: 2026-03-18 10:33:58
2026-03-18 13:00:28 [INFO] 📦 正在扫描第 4 页 | 最新条目: 2026-03-18 09:40:49
2026-03-18 13:00:30 [INFO] 📦 正在扫描第 5 页 | 最新条目: 2026-03-18 08:55:37
2026-03-18 13:00:32 [INFO] 📦 正在扫描第 6 页 | 最新条目: 2026-03-18 07:47:42
2026-03-18 13:00:34 [INFO] 📦 正在扫描第 7 页 | 最新条目: 2026-03-18 06:19:10
2026-03-18 13:00:38 [INFO] 📦 正在扫描第 8 页 | 最新条目: 2026-03-18 04:30:38
2026-03-18 13:00:42 [INFO] 📦 正在扫描第 9 页 | 最新条目: 2026-03-18 03:11:27
2026-03-18 13:00:46 [INFO] 🏁 抓取完成：已到达设定起始时间。
2026-03-18 13:00:46 [INFO] 💾 数据已成功持久化至: ./news_data/Sina_724_20260318_000000_to_20260318_235959.jsonl
🚀 [定时任务启动] 正在同步 2026-03-18 的数据...
✅ [定时任务完成] 日期 2026-03-18 同步成功，共计 947 条。
📡 飞书通知已发送: ✅ [定时任务完成] 日期 2026-03-18 同步成功，共计 947 条。
2026-03-18 20:30:09 [INFO] 🔍 开始利用二分法定位时间区间: 2026-03-18 23:59:59
2026-03-18 20:30:17 [INFO] 📍 定位完成：目标页码约第 1 页，安全起始页定为 1
2026-03-18 20:30:17 [INFO] 🚀 扫描启动，起始页码: 1
2026-03-18 20:30:23 [INFO] 📦 正在扫描第 1 页 | 最新条目: 2026-03-18 20:30:17
2026-03-18 20:30:26 [INFO] 📦 正在扫描第 2 页 | 最新条目: 2026-03-18 19:54:56
2026-03-18 20:30:54 [ERROR] ❌ 抓取过程异常: HTTPSConnectionPool(host='zhibo.sina.com.cn', port=443): Read timed out.
🚀 [定时任务启动] 正在同步 2026-03-18 的数据...
✅ [定时任务完成] 日期 2026-03-18 同步成功，共计 200 条。
📡 飞书通知已发送: ✅ [定时任务完成] 日期 2026-03-18 同步成功，共计 200 条。
